# JRE version: Java(TM) SE Runtime Environment (25.0.3+9) (build 25.0.3+9-LTS-195)
# Java VM: Java HotSpot(TM) 64-Bit Server VM (25.0.3+9-LTS-195, mixed mode, sharing, tiered, compressed oops, compressed class ptrs, g1 gc, windows-amd64)
GC Precious Log:
 CardTable entry size: 512
 Card Set container configuration: InlinePtr #cards 4 size 8 Array Of Cards #cards 64 size 144 Howl #buckets 8 coarsen threshold 14745 Howl Bitmap #cards 2048 size 272 coarsen threshold 1843 Card regions per heap region 1 cards per card region 16384
 CPUs: 28 total, 28 available
 Memory: 65312M
 Large Page Support: Disabled
 NUMA Support: Disabled
 Compressed Oops: Enabled (Zero based)
 Heap Region Size: 8M
 Heap Min Capacity: 8M
 Heap Initial Capacity: 1G
 Heap Max Capacity: 16336M
 Pre-touch: Disabled
 Parallel Workers: 20
 Concurrent Workers: 5
 Concurrent Refinement Workers: 20
 Periodic GC: Disabled
Heap:
 garbage-first heap   total reserved 16728064K, committed 688128K, used 525014K [0x0000000403000000, 0x0000000800000000)
  region size 8192K, 33 young (270336K), 3 survivors (24576K)
GC Heap Usage History (20 events):
Event: 6.573 {heap Before GC invocations=21 (full 0):
 garbage-first heap   total reserved 16728064K, committed 475136K, used 384254K [0x0000000403000000, 0x0000000800000000)
  region size 8192K, 34 young (278528K), 5 survivors (40960K)
}
Event: 6.580 {heap After GC invocations=22 (full 0):
 garbage-first heap   total reserved 16728064K, committed 475136K, used 158078K [0x0000000403000000, 0x0000000800000000)
  region size 8192K, 4 young (32768K), 4 survivors (32768K)
}
Event: 6.742 {heap Before GC invocations=22 (full 0):
 garbage-first heap   total reserved 16728064K, committed 475136K, used 403838K [0x0000000403000000, 0x0000000800000000)
  region size 8192K, 34 young (278528K), 4 survivors (32768K)
}
Event: 6.752 {heap After GC invocations=23 (full 0):
 garbage-first heap   total reserved 16728064K, committed 475136K, used 195365K [0x0000000403000000, 0x0000000800000000)
  region size 8192K, 5 young (40960K), 5 survivors (40960K)
}
Event: 6.879 {heap Before GC invocations=23 (full 0):
 garbage-first heap   total reserved 16728064K, committed 475136K, used 408357K [0x0000000403000000, 0x0000000800000000)
  region size 8192K, 32 young (262144K), 5 survivors (40960K)
}
Event: 6.886 {heap After GC invocations=24 (full 0):
 garbage-first heap   total reserved 16728064K, committed 475136K, used 194598K [0x0000000403000000, 0x0000000800000000)
  region size 8192K, 2 young (16384K), 2 survivors (16384K)
}
Event: 7.339 {heap Before GC invocations=24 (full 0):
 garbage-first heap   total reserved 16728064K, committed 475136K, used 407590K [0x0000000403000000, 0x0000000800000000)
  region size 8192K, 29 young (237568K), 2 survivors (16384K)
}
Event: 7.347 {heap After GC invocations=25 (full 0):
 garbage-first heap   total reserved 16728064K, committed 688128K, used 232252K [0x0000000403000000, 0x0000000800000000)
  region size 8192K, 4 young (32768K), 4 survivors (32768K)
}
Event: 26.291 {heap Before GC invocations=26 (full 0):
 garbage-first heap   total reserved 16728064K, committed 688128K, used 576316K [0x0000000403000000, 0x0000000800000000)
  region size 8192K, 47 young (385024K), 4 survivors (32768K)
}
Event: 26.296 {heap After GC invocations=27 (full 0):
 garbage-first heap   total reserved 16728064K, committed 688128K, used 247914K [0x0000000403000000, 0x0000000800000000)
  region size 8192K, 5 young (40960K), 5 survivors (40960K)
}
Event: 26.652 {heap Before GC invocations=27 (full 0):
 garbage-first heap   total reserved 16728064K, committed 688128K, used 591978K [0x0000000403000000, 0x0000000800000000)
  region size 8192K, 48 young (393216K), 5 survivors (40960K)
}
Event: 26.657 {heap After GC invocations=28 (full 0):
 garbage-first heap   total reserved 16728064K, committed 688128K, used 251392K [0x0000000403000000, 0x0000000800000000)
  region size 8192K, 4 young (32768K), 4 survivors (32768K)
}
Event: 34.626 {heap Before GC invocations=28 (full 0):
 garbage-first heap   total reserved 16728064K, committed 688128K, used 603648K [0x0000000403000000, 0x0000000800000000)
  region size 8192K, 47 young (385024K), 4 survivors (32768K)
}
Event: 34.630 {heap After GC invocations=29 (full 0):
 garbage-first heap   total reserved 16728064K, committed 688128K, used 256024K [0x0000000403000000, 0x0000000800000000)
  region size 8192K, 4 young (32768K), 4 survivors (32768K)
}
Event: 36.308 {heap Before GC invocations=29 (full 0):
 garbage-first heap   total reserved 16728064K, committed 688128K, used 608280K [0x0000000403000000, 0x0000000800000000)
  region size 8192K, 48 young (393216K), 4 survivors (32768K)
}
Event: 36.313 {heap After GC invocations=30 (full 0):
 garbage-first heap   total reserved 16728064K, committed 688128K, used 276089K [0x0000000403000000, 0x0000000800000000)
  region size 8192K, 5 young (40960K), 5 survivors (40960K)
}
Event: 37.217 {heap Before GC invocations=31 (full 0):
 garbage-first heap   total reserved 16728064K, committed 688128K, used 611961K [0x0000000403000000, 0x0000000800000000)
  region size 8192K, 46 young (376832K), 5 survivors (40960K)
}
Event: 37.221 {heap After GC invocations=32 (full 0):
 garbage-first heap   total reserved 16728064K, committed 688128K, used 282961K [0x0000000403000000, 0x0000000800000000)
  region size 8192K, 4 young (32768K), 4 survivors (32768K)
}
Event: 37.905 {heap Before GC invocations=32 (full 0):
 garbage-first heap   total reserved 16728064K, committed 688128K, used 618833K [0x0000000403000000, 0x0000000800000000)
  region size 8192K, 45 young (368640K), 4 survivors (32768K)
}
Event: 37.909 {heap After GC invocations=33 (full 0):
 garbage-first heap   total reserved 16728064K, committed 688128K, used 287446K [0x0000000403000000, 0x0000000800000000)
  region size 8192K, 3 young (24576K), 3 survivors (24576K)
}

