# JRE version: Java(TM) SE Runtime Environment (25.0.3+9) (build 25.0.3+9-LTS-195)
# Java VM: Java HotSpot(TM) 64-Bit Server VM (25.0.3+9-LTS-195, mixed mode, sharing, tiered, compressed oops, compressed class ptrs, g1 gc, windows-amd64)
GC Precious Log:
 CardTable entry size: 512
 Card Set container configuration: InlinePtr #cards 4 size 8 Array Of Cards #cards 64 size 144 Howl #buckets 8 coarsen threshold 14745 Howl Bitmap #cards 2048 size 272 coarsen threshold 1843 Card regions per heap region 1 cards per card region 16384
 CPUs: 28 total, 28 available
 Memory: 65312M
 Large Page Support: Disabled
 NUMA Support: Disabled
 Compressed Oops: Enabled (Zero based)
 Heap Region Size: 8M
 Heap Min Capacity: 8M
 Heap Initial Capacity: 1G
 Heap Max Capacity: 16336M
 Pre-touch: Disabled
 Parallel Workers: 20
 Concurrent Workers: 5
 Concurrent Refinement Workers: 20
 Periodic GC: Disabled
Heap:
 garbage-first heap   total reserved 16728064K, committed 581632K, used 363826K [0x0000000403000000, 0x0000000800000000)
  region size 8192K, 8 young (65536K), 3 survivors (24576K)
GC Heap Usage History (20 events):
Event: 15.662 {heap Before GC invocations=28 (full 0):
 garbage-first heap   total reserved 16728064K, committed 532480K, used 464480K [0x0000000403000000, 0x0000000800000000)
  region size 8192K, 28 young (229376K), 2 survivors (16384K)
}
Event: 15.664 {heap After GC invocations=29 (full 0):
 garbage-first heap   total reserved 16728064K, committed 532480K, used 256569K [0x0000000403000000, 0x0000000800000000)
  region size 8192K, 2 young (16384K), 2 survivors (16384K)
}
Event: 18.174 {heap Before GC invocations=30 (full 0):
 garbage-first heap   total reserved 16728064K, committed 532480K, used 477753K [0x0000000403000000, 0x0000000800000000)
  region size 8192K, 29 young (237568K), 2 survivors (16384K)
}
Event: 18.177 {heap After GC invocations=31 (full 0):
 garbage-first heap   total reserved 16728064K, committed 532480K, used 261500K [0x0000000403000000, 0x0000000800000000)
  region size 8192K, 3 young (24576K), 3 survivors (24576K)
}
Event: 19.014 {heap Before GC invocations=31 (full 0):
 garbage-first heap   total reserved 16728064K, committed 532480K, used 482684K [0x0000000403000000, 0x0000000800000000)
  region size 8192K, 30 young (245760K), 3 survivors (24576K)
}
Event: 19.021 {heap After GC invocations=32 (full 0):
 garbage-first heap   total reserved 16728064K, committed 540672K, used 268008K [0x0000000403000000, 0x0000000800000000)
  region size 8192K, 4 young (32768K), 4 survivors (32768K)
}
Event: 19.466 {heap Before GC invocations=32 (full 0):
 garbage-first heap   total reserved 16728064K, committed 540672K, used 472808K [0x0000000403000000, 0x0000000800000000)
  region size 8192K, 30 young (245760K), 4 survivors (32768K)
}
Event: 19.471 {heap After GC invocations=33 (full 0):
 garbage-first heap   total reserved 16728064K, committed 540672K, used 270165K [0x0000000403000000, 0x0000000800000000)
  region size 8192K, 2 young (16384K), 2 survivors (16384K)
}
Event: 20.622 {heap Before GC invocations=34 (full 0):
 garbage-first heap   total reserved 16728064K, committed 540672K, used 499541K [0x0000000403000000, 0x0000000800000000)
  region size 8192K, 30 young (245760K), 2 survivors (16384K)
}
Event: 20.625 {heap After GC invocations=35 (full 0):
 garbage-first heap   total reserved 16728064K, committed 540672K, used 281119K [0x0000000403000000, 0x0000000800000000)
  region size 8192K, 4 young (32768K), 4 survivors (32768K)
}
Event: 20.988 {heap Before GC invocations=35 (full 0):
 garbage-first heap   total reserved 16728064K, committed 540672K, used 485919K [0x0000000403000000, 0x0000000800000000)
  region size 8192K, 30 young (245760K), 4 survivors (32768K)
}
Event: 20.992 {heap After GC invocations=36 (full 0):
 garbage-first heap   total reserved 16728064K, committed 557056K, used 288493K [0x0000000403000000, 0x0000000800000000)
  region size 8192K, 3 young (24576K), 3 survivors (24576K)
}
Event: 21.411 {heap Before GC invocations=36 (full 0):
 garbage-first heap   total reserved 16728064K, committed 557056K, used 509677K [0x0000000403000000, 0x0000000800000000)
  region size 8192K, 30 young (245760K), 3 survivors (24576K)
}
Event: 21.414 {heap After GC invocations=37 (full 0):
 garbage-first heap   total reserved 16728064K, committed 557056K, used 293286K [0x0000000403000000, 0x0000000800000000)
  region size 8192K, 2 young (16384K), 2 survivors (16384K)
}
Event: 21.777 {heap Before GC invocations=38 (full 0):
 garbage-first heap   total reserved 16728064K, committed 557056K, used 522662K [0x0000000403000000, 0x0000000800000000)
  region size 8192K, 30 young (245760K), 2 survivors (16384K)
}
Event: 21.780 {heap After GC invocations=39 (full 0):
 garbage-first heap   total reserved 16728064K, committed 557056K, used 298806K [0x0000000403000000, 0x0000000800000000)
  region size 8192K, 3 young (24576K), 3 survivors (24576K)
}
Event: 22.216 {heap Before GC invocations=39 (full 0):
 garbage-first heap   total reserved 16728064K, committed 557056K, used 519990K [0x0000000403000000, 0x0000000800000000)
  region size 8192K, 30 young (245760K), 3 survivors (24576K)
}
Event: 22.221 {heap After GC invocations=40 (full 0):
 garbage-first heap   total reserved 16728064K, committed 581632K, used 315218K [0x0000000403000000, 0x0000000800000000)
  region size 8192K, 4 young (32768K), 4 survivors (32768K)
}
Event: 22.294 {heap Before GC invocations=40 (full 0):
 garbage-first heap   total reserved 16728064K, committed 581632K, used 528210K [0x0000000403000000, 0x0000000800000000)
  region size 8192K, 30 young (245760K), 4 survivors (32768K)
}
Event: 22.299 {heap After GC invocations=41 (full 0):
 garbage-first heap   total reserved 16728064K, committed 581632K, used 331058K [0x0000000403000000, 0x0000000800000000)
  region size 8192K, 3 young (24576K), 3 survivors (24576K)
}

