# JRE version: Java(TM) SE Runtime Environment (25.0.3+9) (build 25.0.3+9-LTS-195)
# Java VM: Java HotSpot(TM) 64-Bit Server VM (25.0.3+9-LTS-195, mixed mode, sharing, tiered, compressed oops, compressed class ptrs, g1 gc, windows-amd64)
GC Precious Log:
 CardTable entry size: 512
 Card Set container configuration: InlinePtr #cards 4 size 8 Array Of Cards #cards 64 size 144 Howl #buckets 8 coarsen threshold 14745 Howl Bitmap #cards 2048 size 272 coarsen threshold 1843 Card regions per heap region 1 cards per card region 16384
 CPUs: 28 total, 28 available
 Memory: 65312M
 Large Page Support: Disabled
 NUMA Support: Disabled
 Compressed Oops: Enabled (Zero based)
 Heap Region Size: 8M
 Heap Min Capacity: 8M
 Heap Initial Capacity: 1G
 Heap Max Capacity: 16336M
 Pre-touch: Disabled
 Parallel Workers: 20
 Concurrent Workers: 5
 Concurrent Refinement Workers: 20
 Periodic GC: Disabled
Heap:
 garbage-first heap   total reserved 16728064K, committed 245760K, used 138446K [0x0000000403000000, 0x0000000800000000)
  region size 8192K, 13 young (106496K), 3 survivors (24576K)
GC Heap Usage History (16 events):
Event: 1.483 {heap Before GC invocations=0 (full 0):
 garbage-first heap   total reserved 16728064K, committed 1056768K, used 50325K [0x0000000403000000, 0x0000000800000000)
  region size 8192K, 6 young (49152K), 0 survivors (0K)
}
Event: 1.489 {heap After GC invocations=1 (full 0):
 garbage-first heap   total reserved 16728064K, committed 1056768K, used 16354K [0x0000000403000000, 0x0000000800000000)
  region size 8192K, 1 young (8192K), 1 survivors (8192K)
}
Event: 2.143 {heap Before GC invocations=1 (full 0):
 garbage-first heap   total reserved 16728064K, committed 1056768K, used 106466K [0x0000000403000000, 0x0000000800000000)
  region size 8192K, 13 young (106496K), 1 survivors (8192K)
}
Event: 2.150 {heap After GC invocations=2 (full 0):
 garbage-first heap   total reserved 16728064K, committed 1056768K, used 19437K [0x0000000403000000, 0x0000000800000000)
  region size 8192K, 2 young (16384K), 2 survivors (16384K)
}
Event: 2.490 {heap Before GC invocations=3 (full 0):
 garbage-first heap   total reserved 16728064K, committed 114688K, used 101357K [0x0000000403000000, 0x0000000800000000)
  region size 8192K, 12 young (98304K), 2 survivors (16384K)
}
Event: 2.502 {heap After GC invocations=4 (full 0):
 garbage-first heap   total reserved 16728064K, committed 131072K, used 24546K [0x0000000403000000, 0x0000000800000000)
  region size 8192K, 2 young (16384K), 2 survivors (16384K)
}
Event: 2.588 {heap Before GC invocations=4 (full 0):
 garbage-first heap   total reserved 16728064K, committed 131072K, used 81890K [0x0000000403000000, 0x0000000800000000)
  region size 8192K, 9 young (73728K), 2 survivors (16384K)
}
Event: 2.592 {heap After GC invocations=5 (full 0):
 garbage-first heap   total reserved 16728064K, committed 131072K, used 26330K [0x0000000403000000, 0x0000000800000000)
  region size 8192K, 1 young (8192K), 1 survivors (8192K)
}
Event: 2.718 {heap Before GC invocations=5 (full 0):
 garbage-first heap   total reserved 16728064K, committed 131072K, used 91866K [0x0000000403000000, 0x0000000800000000)
  region size 8192K, 9 young (73728K), 1 survivors (8192K)
}
Event: 2.724 {heap After GC invocations=6 (full 0):
 garbage-first heap   total reserved 16728064K, committed 131072K, used 32910K [0x0000000403000000, 0x0000000800000000)
  region size 8192K, 2 young (16384K), 2 survivors (16384K)
}
Event: 2.836 {heap Before GC invocations=6 (full 0):
 garbage-first heap   total reserved 16728064K, committed 131072K, used 90254K [0x0000000403000000, 0x0000000800000000)
  region size 8192K, 9 young (73728K), 2 survivors (16384K)
}
Event: 2.840 {heap After GC invocations=7 (full 0):
 garbage-first heap   total reserved 16728064K, committed 131072K, used 35435K [0x0000000403000000, 0x0000000800000000)
  region size 8192K, 2 young (16384K), 2 survivors (16384K)
}
Event: 3.109 {heap Before GC invocations=7 (full 0):
 garbage-first heap   total reserved 16728064K, committed 131072K, used 92779K [0x0000000403000000, 0x0000000800000000)
  region size 8192K, 9 young (73728K), 2 survivors (16384K)
}
Event: 3.112 {heap After GC invocations=8 (full 0):
 garbage-first heap   total reserved 16728064K, committed 589824K, used 36247K [0x0000000403000000, 0x0000000800000000)
  region size 8192K, 1 young (8192K), 1 survivors (8192K)
}
Event: 3.765 {heap Before GC invocations=8 (full 0):
 garbage-first heap   total reserved 16728064K, committed 589824K, used 167319K [0x0000000403000000, 0x0000000800000000)
  region size 8192K, 16 young (131072K), 1 survivors (8192K)
}
Event: 3.769 {heap After GC invocations=9 (full 0):
 garbage-first heap   total reserved 16728064K, committed 589824K, used 64718K [0x0000000403000000, 0x0000000800000000)
  region size 8192K, 3 young (24576K), 3 survivors (24576K)
}

